[2024-09-11 03:48:02] local.ERROR: Attempt to read property "no_of_round_player_1_win" on array {"exception":"[object] (ErrorException(code: 0): Attempt to read property \"no_of_round_player_1_win\" on array at /data/html/laravel/rock-paper-scissors/vendor/laravel/framework/src/Illuminate/Http/Resources/DelegatesToResource.php:139)
[stacktrace]
#0 /data/html/laravel/rock-paper-scissors/vendor/laravel/framework/src/Illuminate/Foundation/Bootstrap/HandleExceptions.php(270): Illuminate\\Foundation\\Bootstrap\\HandleExceptions->handleError()
#1 /data/html/laravel/rock-paper-scissors/vendor/laravel/framework/src/Illuminate/Http/Resources/DelegatesToResource.php(139): Illuminate\\Foundation\\Bootstrap\\HandleExceptions->Illuminate\\Foundation\\Bootstrap\\{closure}()
#2 /data/html/laravel/rock-paper-scissors/app/Http/Resources/GameResource.php(18): Illuminate\\Http\\Resources\\Json\\JsonResource->__get()
#3 /data/html/laravel/rock-paper-scissors/vendor/laravel/framework/src/Illuminate/Http/Resources/Json/JsonResource.php(95): App\\Http\\Resources\\GameResource->toArray()
#4 /data/html/laravel/rock-paper-scissors/vendor/laravel/framework/src/Illuminate/Http/Resources/Json/ResourceResponse.php(39): Illuminate\\Http\\Resources\\Json\\JsonResource->resolve()
#5 /data/html/laravel/rock-paper-scissors/vendor/laravel/framework/src/Illuminate/Http/Resources/Json/JsonResource.php(231): Illuminate\\Http\\Resources\\Json\\ResourceResponse->toResponse()
#6 /data/html/laravel/rock-paper-scissors/vendor/laravel/framework/src/Illuminate/Routing/Router.php(888): Illuminate\\Http\\Resources\\Json\\JsonResource->toResponse()
#7 /data/html/laravel/rock-paper-scissors/vendor/laravel/framework/src/Illuminate/Routing/Router.php(875): Illuminate\\Routing\\Router::toResponse()
#8 /data/html/laravel/rock-paper-scissors/vendor/laravel/framework/src/Illuminate/Routing/Router.php(798): Illuminate\\Routing\\Router->prepareResponse()
#9 /data/html/laravel/rock-paper-scissors/vendor/laravel/framework/src/Illuminate/Pipeline/Pipeline.php(141): Illuminate\\Routing\\Router->Illuminate\\Routing\\{closure}()
#10 /data/html/laravel/rock-paper-scissors/vendor/laravel/framework/src/Illuminate/Routing/Middleware/SubstituteBindings.php(50): Illuminate\\Pipeline\\Pipeline->Illuminate\\Pipeline\\{closure}()
#11 /data/html/laravel/rock-paper-scissors/vendor/laravel/framework/src/Illuminate/Pipeline/Pipeline.php(180): Illuminate\\Routing\\Middleware\\SubstituteBindings->handle()
#12 /data/html/laravel/rock-paper-scissors/vendor/laravel/framework/src/Illuminate/Routing/Middleware/ThrottleRequests.php(126): Illuminate\\Pipeline\\Pipeline->Illuminate\\Pipeline\\{closure}()
#13 /data/html/laravel/rock-paper-scissors/vendor/laravel/framework/src/Illuminate/Routing/Middleware/ThrottleRequests.php(102): Illuminate\\Routing\\Middleware\\ThrottleRequests->handleRequest()
#14 /data/html/laravel/rock-paper-scissors/vendor/laravel/framework/src/Illuminate/Routing/Middleware/ThrottleRequests.php(54): Illuminate\\Routing\\Middleware\\ThrottleRequests->handleRequestUsingNamedLimiter()
#15 /data/html/laravel/rock-paper-scissors/vendor/laravel/framework/src/Illuminate/Pipeline/Pipeline.php(180): Illuminate\\Routing\\Middleware\\ThrottleRequests->handle()
#16 /data/html/laravel/rock-paper-scissors/vendor/laravel/framework/src/Illuminate/Pipeline/Pipeline.php(116): Illuminate\\Pipeline\\Pipeline->Illuminate\\Pipeline\\{closure}()
#17 /data/html/laravel/rock-paper-scissors/vendor/laravel/framework/src/Illuminate/Routing/Router.php(799): Illuminate\\Pipeline\\Pipeline->then()
#18 /data/html/laravel/rock-paper-scissors/vendor/laravel/framework/src/Illuminate/Routing/Router.php(776): Illuminate\\Routing\\Router->runRouteWithinStack()
#19 /data/html/laravel/rock-paper-scissors/vendor/laravel/framework/src/Illuminate/Routing/Router.php(740): Illuminate\\Routing\\Router->runRoute()
#20 /data/html/laravel/rock-paper-scissors/vendor/laravel/framework/src/Illuminate/Routing/Router.php(729): Illuminate\\Routing\\Router->dispatchToRoute()
#21 /data/html/laravel/rock-paper-scissors/vendor/laravel/framework/src/Illuminate/Foundation/Http/Kernel.php(190): Illuminate\\Routing\\Router->dispatch()
#22 /data/html/laravel/rock-paper-scissors/vendor/laravel/framework/src/Illuminate/Pipeline/Pipeline.php(141): Illuminate\\Foundation\\Http\\Kernel->Illuminate\\Foundation\\Http\\{closure}()
#23 /data/html/laravel/rock-paper-scissors/vendor/laravel/framework/src/Illuminate/Foundation/Http/Middleware/TransformsRequest.php(21): Illuminate\\Pipeline\\Pipeline->Illuminate\\Pipeline\\{closure}()
#24 /data/html/laravel/rock-paper-scissors/vendor/laravel/framework/src/Illuminate/Foundation/Http/Middleware/ConvertEmptyStringsToNull.php(31): Illuminate\\Foundation\\Http\\Middleware\\TransformsRequest->handle()
#25 /data/html/laravel/rock-paper-scissors/vendor/laravel/framework/src/Illuminate/Pipeline/Pipeline.php(180): Illuminate\\Foundation\\Http\\Middleware\\ConvertEmptyStringsToNull->handle()
#26 /data/html/laravel/rock-paper-scissors/vendor/laravel/framework/src/Illuminate/Foundation/Http/Middleware/TransformsRequest.php(21): Illuminate\\Pipeline\\Pipeline->Illuminate\\Pipeline\\{closure}()
#27 /data/html/laravel/rock-paper-scissors/vendor/laravel/framework/src/Illuminate/Foundation/Http/Middleware/TrimStrings.php(40): Illuminate\\Foundation\\Http\\Middleware\\TransformsRequest->handle()
#28 /data/html/laravel/rock-paper-scissors/vendor/laravel/framework/src/Illuminate/Pipeline/Pipeline.php(180): Illuminate\\Foundation\\Http\\Middleware\\TrimStrings->handle()
#29 /data/html/laravel/rock-paper-scissors/vendor/laravel/framework/src/Illuminate/Foundation/Http/Middleware/ValidatePostSize.php(27): Illuminate\\Pipeline\\Pipeline->Illuminate\\Pipeline\\{closure}()
#30 /data/html/laravel/rock-paper-scissors/vendor/laravel/framework/src/Illuminate/Pipeline/Pipeline.php(180): Illuminate\\Foundation\\Http\\Middleware\\ValidatePostSize->handle()
#31 /data/html/laravel/rock-paper-scissors/vendor/laravel/framework/src/Illuminate/Foundation/Http/Middleware/PreventRequestsDuringMaintenance.php(86): Illuminate\\Pipeline\\Pipeline->Illuminate\\Pipeline\\{closure}()
#32 /data/html/laravel/rock-paper-scissors/vendor/laravel/framework/src/Illuminate/Pipeline/Pipeline.php(180): Illuminate\\Foundation\\Http\\Middleware\\PreventRequestsDuringMaintenance->handle()
#33 /data/html/laravel/rock-paper-scissors/vendor/laravel/framework/src/Illuminate/Http/Middleware/HandleCors.php(62): Illuminate\\Pipeline\\Pipeline->Illuminate\\Pipeline\\{closure}()
#34 /data/html/laravel/rock-paper-scissors/vendor/laravel/framework/src/Illuminate/Pipeline/Pipeline.php(180): Illuminate\\Http\\Middleware\\HandleCors->handle()
#35 /data/html/laravel/rock-paper-scissors/vendor/laravel/framework/src/Illuminate/Http/Middleware/TrustProxies.php(39): Illuminate\\Pipeline\\Pipeline->Illuminate\\Pipeline\\{closure}()
#36 /data/html/laravel/rock-paper-scissors/vendor/laravel/framework/src/Illuminate/Pipeline/Pipeline.php(180): Illuminate\\Http\\Middleware\\TrustProxies->handle()
#37 /data/html/laravel/rock-paper-scissors/vendor/laravel/framework/src/Illuminate/Pipeline/Pipeline.php(116): Illuminate\\Pipeline\\Pipeline->Illuminate\\Pipeline\\{closure}()
#38 /data/html/laravel/rock-paper-scissors/vendor/laravel/framework/src/Illuminate/Foundation/Http/Kernel.php(165): Illuminate\\Pipeline\\Pipeline->then()
#39 /data/html/laravel/rock-paper-scissors/vendor/laravel/framework/src/Illuminate/Foundation/Http/Kernel.php(134): Illuminate\\Foundation\\Http\\Kernel->sendRequestThroughRouter()
#40 /data/html/laravel/rock-paper-scissors/public/index.php(52): Illuminate\\Foundation\\Http\\Kernel->handle()
#41 /data/html/laravel/rock-paper-scissors/vendor/laravel/framework/src/Illuminate/Foundation/resources/server.php(16): require_once('...')
#42 {main}
"} 
